[
  {
    "line": 2,
    "elements": [
      {
        "start_timestamp": "2020-09-09T10:53:03.974Z",
        "before": [
          {
            "result": {
              "duration": 5990535300,
              "status": "passed"
            },
            "match": {
              "location": "steps.StepHooks.beforeScenario(Scenario) in file:/D:/Projects/Eclipse_demo/seleniumFramework/sfTest/target/classes/"
            }
          }
        ],
        "line": 20,
        "name": "Dotti Product Search",
        "description": "",
        "id": "select-a-product-from-dotti-site-and-then-add-it-to-the-bag;dotti-product-search;;5",
        "after": [
          {
            "result": {
              "error_message": "org.openqa.selenium.NoSuchWindowException: no such window: target window already closed\nfrom unknown error: web view not found\n  (Session info: chrome\u003d85.0.4183.83)\n  (Driver info: chromedriver\u003d2.38.552522 (437e6fbedfa8762dec75e2c5b3ddb86763dc9dcb),platform\u003dWindows NT 10.0.19041 x86_64) (WARNING: The server did not provide any stacktrace information)\nCommand duration or timeout: 0 milliseconds\nBuild info: version: \u00273.12.0\u0027, revision: \u00277c6e0b3\u0027, time: \u00272018-05-08T14:04:26.12Z\u0027\nSystem info: host: \u0027LAPTOP-41R0DTGP\u0027, ip: \u0027192.168.18.7\u0027, os.name: \u0027Windows 10\u0027, os.arch: \u0027amd64\u0027, os.version: \u002710.0\u0027, java.version: \u002713\u0027\nDriver info: org.openqa.selenium.chrome.ChromeDriver\nCapabilities {acceptInsecureCerts: false, acceptSslCerts: false, applicationCacheEnabled: false, browserConnectionEnabled: false, browserName: chrome, chrome: {chromedriverVersion: 2.38.552522 (437e6fbedfa876..., userDataDir: C:\\Users\\NAVANE~1\\AppData\\L...}, cssSelectorsEnabled: true, databaseEnabled: false, handlesAlerts: true, hasTouchScreen: false, javascriptEnabled: true, locationContextEnabled: true, mobileEmulationEnabled: false, nativeEvents: true, networkConnectionEnabled: false, pageLoadStrategy: normal, platform: XP, platformName: XP, rotatable: false, setWindowRect: true, takesHeapSnapshot: true, takesScreenshot: true, unexpectedAlertBehaviour: , unhandledPromptBehavior: , version: 85.0.4183.83, webStorageEnabled: true}\nSession ID: c80c30f3b0f426f5643b721e179f01ff\r\n\tat java.base/jdk.internal.reflect.NativeConstructorAccessorImpl.newInstance0(Native Method)\r\n\tat java.base/jdk.internal.reflect.NativeConstructorAccessorImpl.newInstance(NativeConstructorAccessorImpl.java:62)\r\n\tat java.base/jdk.internal.reflect.DelegatingConstructorAccessorImpl.newInstance(DelegatingConstructorAccessorImpl.java:45)\r\n\tat java.base/java.lang.reflect.Constructor.newInstanceWithCaller(Constructor.java:500)\r\n\tat java.base/java.lang.reflect.Constructor.newInstance(Constructor.java:481)\r\n\tat org.openqa.selenium.remote.ErrorHandler.createThrowable(ErrorHandler.java:214)\r\n\tat org.openqa.selenium.remote.ErrorHandler.throwIfResponseFailed(ErrorHandler.java:166)\r\n\tat org.openqa.selenium.remote.http.JsonHttpResponseCodec.reconstructValue(JsonHttpResponseCodec.java:40)\r\n\tat org.openqa.selenium.remote.http.AbstractHttpResponseCodec.decode(AbstractHttpResponseCodec.java:80)\r\n\tat org.openqa.selenium.remote.http.AbstractHttpResponseCodec.decode(AbstractHttpResponseCodec.java:44)\r\n\tat org.openqa.selenium.remote.HttpCommandExecutor.execute(HttpCommandExecutor.java:158)\r\n\tat org.openqa.selenium.remote.service.DriverCommandExecutor.execute(DriverCommandExecutor.java:83)\r\n\tat org.openqa.selenium.remote.RemoteWebDriver.execute(RemoteWebDriver.java:543)\r\n\tat org.openqa.selenium.remote.RemoteWebDriver.execute(RemoteWebDriver.java:600)\r\n\tat org.openqa.selenium.remote.RemoteWebDriver.getScreenshotAs(RemoteWebDriver.java:289)\r\n\tat steps.StepHooks.AfterScenario(StepHooks.java:39)\r\n",
              "duration": 20804200,
              "status": "failed"
            },
            "match": {
              "location": "steps.StepHooks.AfterScenario(Scenario) in file:/D:/Projects/Eclipse_demo/seleniumFramework/sfTest/target/classes/"
            }
          },
          {
            "result": {
              "duration": 765985400,
              "status": "passed"
            },
            "match": {
              "location": "steps.DottiItemSelectSteps.teardown() in file:/D:/Projects/Eclipse_demo/seleniumFramework/sfTest/target/classes/"
            }
          }
        ],
        "type": "scenario",
        "keyword": "Scenario Outline",
        "steps": [
          {
            "result": {
              "duration": 6575195500,
              "status": "passed"
            },
            "line": 6,
            "name": "User opens the URL \"DottiAustralia\"",
            "match": {
              "arguments": [
                {
                  "val": "DottiAustralia",
                  "offset": 20
                }
              ],
              "location": "steps.DottiItemSelectSteps.siteLaunch(String) in file:/D:/Projects/Eclipse_demo/seleniumFramework/sfTest/target/classes/"
            },
            "keyword": "Given "
          },
          {
            "result": {
              "duration": 26458600,
              "status": "passed"
            },
            "line": 7,
            "name": "User verifies if the home page is correct",
            "match": {
              "location": "steps.DottiItemSelectSteps.verifyHomePage() in file:/D:/Projects/Eclipse_demo/seleniumFramework/sfTest/target/classes/"
            },
            "keyword": "And "
          },
          {
            "result": {
              "duration": 5227034400,
              "status": "passed"
            },
            "line": 8,
            "name": "User clicks on the menu bar \"Jackets\" and choose the \"Jackets \u0026 Coats\"",
            "match": {
              "arguments": [
                {
                  "val": "Jackets",
                  "offset": 29
                },
                {
                  "val": "Jackets \u0026 Coats",
                  "offset": 54
                }
              ],
              "location": "steps.DottiItemSelectSteps.menuBarSelect(String,String) in file:/D:/Projects/Eclipse_demo/seleniumFramework/sfTest/target/classes/"
            },
            "keyword": "Then "
          },
          {
            "result": {
              "duration": 97931700,
              "status": "passed"
            },
            "line": 9,
            "name": "Verify the product list page \"Jackets \u0026 Coats\"",
            "match": {
              "arguments": [
                {
                  "val": "Jackets \u0026 Coats",
                  "offset": 30
                }
              ],
              "location": "steps.DottiItemSelectSteps.verifyProductListPage(String) in file:/D:/Projects/Eclipse_demo/seleniumFramework/sfTest/target/classes/"
            },
            "keyword": "And "
          },
          {
            "result": {
              "duration": 334852800,
              "status": "passed"
            },
            "line": 10,
            "name": "User selects a random product",
            "match": {
              "location": "steps.DottiItemSelectSteps.itemClick() in file:/D:/Projects/Eclipse_demo/seleniumFramework/sfTest/target/classes/"
            },
            "keyword": "Then "
          },
          {
            "result": {
              "duration": 580955500,
              "status": "passed"
            },
            "line": 11,
            "name": "Verify the Product Description Page",
            "match": {
              "location": "steps.DottiItemSelectSteps.verifyProductDescripion() in file:/D:/Projects/Eclipse_demo/seleniumFramework/sfTest/target/classes/"
            },
            "keyword": "And "
          },
          {
            "result": {
              "error_message": "org.openqa.selenium.NoSuchWindowException: no such window: target window already closed\nfrom unknown error: web view not found\n  (Session info: chrome\u003d85.0.4183.83)\n  (Driver info: chromedriver\u003d2.38.552522 (437e6fbedfa8762dec75e2c5b3ddb86763dc9dcb),platform\u003dWindows NT 10.0.19041 x86_64) (WARNING: The server did not provide any stacktrace information)\nCommand duration or timeout: 0 milliseconds\nBuild info: version: \u00273.12.0\u0027, revision: \u00277c6e0b3\u0027, time: \u00272018-05-08T14:04:26.12Z\u0027\nSystem info: host: \u0027LAPTOP-41R0DTGP\u0027, ip: \u0027192.168.18.7\u0027, os.name: \u0027Windows 10\u0027, os.arch: \u0027amd64\u0027, os.version: \u002710.0\u0027, java.version: \u002713\u0027\nDriver info: org.openqa.selenium.chrome.ChromeDriver\nCapabilities {acceptInsecureCerts: false, acceptSslCerts: false, applicationCacheEnabled: false, browserConnectionEnabled: false, browserName: chrome, chrome: {chromedriverVersion: 2.38.552522 (437e6fbedfa876..., userDataDir: C:\\Users\\NAVANE~1\\AppData\\L...}, cssSelectorsEnabled: true, databaseEnabled: false, handlesAlerts: true, hasTouchScreen: false, javascriptEnabled: true, locationContextEnabled: true, mobileEmulationEnabled: false, nativeEvents: true, networkConnectionEnabled: false, pageLoadStrategy: normal, platform: XP, platformName: XP, rotatable: false, setWindowRect: true, takesHeapSnapshot: true, takesScreenshot: true, unexpectedAlertBehaviour: , unhandledPromptBehavior: , version: 85.0.4183.83, webStorageEnabled: true}\nSession ID: c80c30f3b0f426f5643b721e179f01ff\n*** Element info: {Using\u003dxpath, value\u003d//div[@class\u003d\u0027product-variant__heading\u0027 and @style\u003d\u0027display:none\u0027]}\r\n\tat java.base/jdk.internal.reflect.NativeConstructorAccessorImpl.newInstance0(Native Method)\r\n\tat java.base/jdk.internal.reflect.NativeConstructorAccessorImpl.newInstance(NativeConstructorAccessorImpl.java:62)\r\n\tat java.base/jdk.internal.reflect.DelegatingConstructorAccessorImpl.newInstance(DelegatingConstructorAccessorImpl.java:45)\r\n\tat java.base/java.lang.reflect.Constructor.newInstanceWithCaller(Constructor.java:500)\r\n\tat java.base/java.lang.reflect.Constructor.newInstance(Constructor.java:481)\r\n\tat org.openqa.selenium.remote.ErrorHandler.createThrowable(ErrorHandler.java:214)\r\n\tat org.openqa.selenium.remote.ErrorHandler.throwIfResponseFailed(ErrorHandler.java:166)\r\n\tat org.openqa.selenium.remote.http.JsonHttpResponseCodec.reconstructValue(JsonHttpResponseCodec.java:40)\r\n\tat org.openqa.selenium.remote.http.AbstractHttpResponseCodec.decode(AbstractHttpResponseCodec.java:80)\r\n\tat org.openqa.selenium.remote.http.AbstractHttpResponseCodec.decode(AbstractHttpResponseCodec.java:44)\r\n\tat org.openqa.selenium.remote.HttpCommandExecutor.execute(HttpCommandExecutor.java:158)\r\n\tat org.openqa.selenium.remote.service.DriverCommandExecutor.execute(DriverCommandExecutor.java:83)\r\n\tat org.openqa.selenium.remote.RemoteWebDriver.execute(RemoteWebDriver.java:543)\r\n\tat org.openqa.selenium.remote.RemoteWebDriver.findElements(RemoteWebDriver.java:344)\r\n\tat org.openqa.selenium.remote.RemoteWebDriver.findElementsByXPath(RemoteWebDriver.java:423)\r\n\tat org.openqa.selenium.By$ByXPath.findElements(By.java:348)\r\n\tat org.openqa.selenium.remote.RemoteWebDriver.findElements(RemoteWebDriver.java:305)\r\n\tat com.seleniumframework.base.BasePage.getWebElementsProperties(BasePage.java:778)\r\n\tat com.seleniumframework.base.BasePage.getElementsPropertiesByXpath(BasePage.java:816)\r\n\tat uipages.DottiItemSelectPage.selectSize(DottiItemSelectPage.java:173)\r\n\tat steps.DottiItemSelectSteps.selectSize(DottiItemSelectSteps.java:58)\r\n\tat âœ½.User chooses selects a random size(src/main/java/feature/dottiItemSelect.feature:12)\r\n",
              "duration": 10564385800,
              "status": "failed"
            },
            "line": 12,
            "name": "User chooses selects a random size",
            "match": {
              "location": "steps.DottiItemSelectSteps.selectSize() in file:/D:/Projects/Eclipse_demo/seleniumFramework/sfTest/target/classes/"
            },
            "keyword": "Then "
          },
          {
            "result": {
              "duration": 5179400,
              "status": "skipped"
            },
            "line": 13,
            "name": "enters the quantity \"1\"",
            "match": {
              "arguments": [
                {
                  "val": "1",
                  "offset": 21
                }
              ],
              "location": "steps.DottiItemSelectSteps.quantityEntry(String) in file:/D:/Projects/Eclipse_demo/seleniumFramework/sfTest/target/classes/"
            },
            "keyword": "And "
          },
          {
            "result": {
              "duration": 3987400,
              "status": "skipped"
            },
            "line": 14,
            "name": "User adds the product to the bag",
            "match": {
              "location": "steps.DottiItemSelectSteps.itemAddToBag() in file:/D:/Projects/Eclipse_demo/seleniumFramework/sfTest/target/classes/"
            },
            "keyword": "And "
          }
        ],
        "tags": [
          {
            "name": "@DottiItemSelect"
          },
          {
            "name": "@SearchAndSelectProduct"
          }
        ]
      }
    ],
    "name": "Select a product from DOtti site and then add it to the bag",
    "description": "",
    "id": "select-a-product-from-dotti-site-and-then-add-it-to-the-bag",
    "keyword": "Feature",
    "uri": "file:src/main/java/feature/dottiItemSelect.feature",
    "tags": [
      {
        "name": "@DottiItemSelect",
        "type": "Tag",
        "location": {
          "line": 1,
          "column": 1
        }
      }
    ]
  }
]